<?xml version="1.0" encoding="UTF-8"?>
<testng-results ignored="0" total="1" passed="1" failed="0" skipped="0">
  <reporter-output>
  </reporter-output>
  <suite started-at="2025-06-14T21:53:53 IST" name="Default suite" finished-at="2025-06-14T21:54:02 IST" duration-ms="9699">
    <groups>
    </groups>
    <test started-at="2025-06-14T21:53:53 IST" name="Default test" finished-at="2025-06-14T21:54:02 IST" duration-ms="9699">
      <class name="LoginPage">
        <test-method signature="Login()[pri:0, instance:LoginPage@2415fc55]" started-at="2025-06-14T21:53:53 IST" name="Login" finished-at="2025-06-14T21:54:02 IST" duration-ms="9556" status="PASS">
          <reporter-output>
          </reporter-output>
        </test-method> <!-- Login -->
      </class> <!-- LoginPage -->
    </test> <!-- Default test -->
  </suite> <!-- Default suite -->
</testng-results>
