<?xml version="1.0" encoding="UTF-8"?>
<testng-results ignored="0" total="1" passed="1" failed="0" skipped="0">
  <reporter-output>
  </reporter-output>
  <suite started-at="2025-06-15T01:06:14 IST" name="Default suite" finished-at="2025-06-15T01:06:20 IST" duration-ms="6501">
    <groups>
    </groups>
    <test started-at="2025-06-15T01:06:14 IST" name="Default test" finished-at="2025-06-15T01:06:20 IST" duration-ms="6501">
      <class name="testcases.LoginTest">
        <test-method signature="Login()[pri:0, instance:testcases.LoginTest@30b6ffe0]" started-at="2025-06-15T01:06:14 IST" name="Login" finished-at="2025-06-15T01:06:20 IST" duration-ms="6373" status="PASS">
          <reporter-output>
          </reporter-output>
        </test-method> <!-- Login -->
      </class> <!-- testcases.LoginTest -->
    </test> <!-- Default test -->
  </suite> <!-- Default suite -->
</testng-results>
